
> react-typescript-starter@0.1.0 test
> react-scripts test "--coverage"

PASS src/App.test.tsx
  ✓ renders the course name somewhere (42 ms)

--------------------|---------|----------|---------|---------|-------------------
File                | % Stmts | % Branch | % Funcs | % Lines | Uncovered Line #s 
--------------------|---------|----------|---------|---------|-------------------
All files           |    9.09 |        0 |   33.33 |    9.09 |                   
 App.tsx            |     100 |      100 |     100 |     100 |                   
 index.tsx          |       0 |      100 |     100 |       0 | 9-19              
 reportWebVitals.ts |       0 |        0 |       0 |       0 | 3-11              
--------------------|---------|----------|---------|---------|-------------------
Test Suites: 1 passed, 1 total
Tests:       1 passed, 1 total
Snapshots:   0 total
Time:        2.015 s
Ran all test suites.
